

============================== 2024-03-21 14:51:33.770073 | eb3dc0fe-b994-4d29-8249-beb955ea535a ==============================
[0m14:51:33.770088 [info ] [MainThread]: Running with dbt=1.2.2
[0m14:51:33.770766 [debug] [MainThread]: running dbt with arguments {'write_json': True, 'use_colors': True, 'printer_width': 80, 'version_check': True, 'partial_parse': True, 'static_parser': True, 'profiles_dir': '/workspaces/peter-dataproduct/dbt', 'send_anonymous_usage_stats': True, 'event_buffer_size': 100000, 'quiet': False, 'no_print': False, 'config_dir': False, 'which': 'debug', 'indirect_selection': 'eager'}
[0m14:51:33.771284 [debug] [MainThread]: Tracking: tracking
[0m14:51:33.775885 [debug] [MainThread]: Sending event: {'category': 'dbt', 'action': 'invocation', 'label': 'start', 'context': [<snowplow_tracker.self_describing_json.SelfDescribingJson object at 0x7fdc4b962dc0>, <snowplow_tracker.self_describing_json.SelfDescribingJson object at 0x7fdc4b962730>, <snowplow_tracker.self_describing_json.SelfDescribingJson object at 0x7fdc4b962e80>]}
[0m14:51:34.143689 [debug] [MainThread]: Executing "git --help"
[0m14:51:34.148404 [debug] [MainThread]: STDOUT: "b"usage: git [--version] [--help] [-C <path>] [-c <name>=<value>]\n           [--exec-path[=<path>]] [--html-path] [--man-path] [--info-path]\n           [-p | --paginate | -P | --no-pager] [--no-replace-objects] [--bare]\n           [--git-dir=<path>] [--work-tree=<path>] [--namespace=<name>]\n           <command> [<args>]\n\nThese are common Git commands used in various situations:\n\nstart a working area (see also: git help tutorial)\n   clone      Clone a repository into a new directory\n   init       Create an empty Git repository or reinitialize an existing one\n\nwork on the current change (see also: git help everyday)\n   add        Add file contents to the index\n   mv         Move or rename a file, a directory, or a symlink\n   reset      Reset current HEAD to the specified state\n   rm         Remove files from the working tree and from the index\n\nexamine the history and state (see also: git help revisions)\n   bisect     Use binary search to find the commit that introduced a bug\n   grep       Print lines matching a pattern\n   log        Show commit logs\n   show       Show various types of objects\n   status     Show the working tree status\n\ngrow, mark and tweak your common history\n   branch     List, create, or delete branches\n   checkout    Switch branches or restore working tree files\n   commit     Record changes to the repository\n   diff       Show changes between commits, commit and working tree, etc\n   merge      Join two or more development histories together\n   rebase     Reapply commits on top of another base tip\n   tag        Create, list, delete or verify a tag object signed with GPG\n\ncollaborate (see also: git help workflows)\n   fetch      Download objects and refs from another repository\n   pull       Fetch from and integrate with another repository or a local branch\n   push       Update remote refs along with associated objects\n\n'git help -a' and 'git help -g' list available subcommands and some\nconcept guides. See 'git help <command>' or 'git help <concept>'\nto read about a specific subcommand or concept.\n""
[0m14:51:34.149144 [debug] [MainThread]: STDERR: "b''"
[0m14:51:34.155041 [debug] [MainThread]: Acquiring new bigquery connection "debug"
[0m14:51:34.156474 [debug] [MainThread]: Opening a new connection, currently in state init
[0m14:51:35.067418 [debug] [MainThread]: On debug: select 1 as id
[0m14:51:35.442684 [debug] [MainThread]: BigQuery adapter: Retry attempt 1 of 1 after error: BadRequest('POST https://bigquery.googleapis.com/bigquery/v2/projects/peter-dbt-demo/jobs?prettyPrint=false: The project peter-dbt-demo has not enabled BigQuery.')
[0m14:51:35.614587 [debug] [MainThread]: Sending event: {'category': 'dbt', 'action': 'invocation', 'label': 'end', 'context': [<snowplow_tracker.self_describing_json.SelfDescribingJson object at 0x7fdc49e8f2b0>, <snowplow_tracker.self_describing_json.SelfDescribingJson object at 0x7fdc49e8f280>, <snowplow_tracker.self_describing_json.SelfDescribingJson object at 0x7fdc4df939d0>]}
[0m14:51:35.616515 [debug] [MainThread]: Flushing usage events
[0m14:51:36.074896 [debug] [MainThread]: Connection 'debug' was properly closed.


============================== 2024-03-21 14:56:03.606049 | 6a7f9d04-7ee3-43e8-b814-32972d73c91c ==============================
[0m14:56:03.606063 [info ] [MainThread]: Running with dbt=1.2.2
[0m14:56:03.606770 [debug] [MainThread]: running dbt with arguments {'write_json': True, 'use_colors': True, 'printer_width': 80, 'version_check': True, 'partial_parse': True, 'static_parser': True, 'profiles_dir': '/workspaces/peter-dataproduct/dbt', 'send_anonymous_usage_stats': True, 'event_buffer_size': 100000, 'quiet': False, 'no_print': False, 'config_dir': False, 'which': 'debug', 'indirect_selection': 'eager'}
[0m14:56:03.607247 [debug] [MainThread]: Tracking: tracking
[0m14:56:03.611474 [debug] [MainThread]: Sending event: {'category': 'dbt', 'action': 'invocation', 'label': 'start', 'context': [<snowplow_tracker.self_describing_json.SelfDescribingJson object at 0x7f3b0cbb4e80>, <snowplow_tracker.self_describing_json.SelfDescribingJson object at 0x7f3b0cbb4fd0>, <snowplow_tracker.self_describing_json.SelfDescribingJson object at 0x7f3b0cbb4f70>]}
[0m14:56:03.842261 [debug] [MainThread]: Executing "git --help"
[0m14:56:03.847265 [debug] [MainThread]: STDOUT: "b"usage: git [--version] [--help] [-C <path>] [-c <name>=<value>]\n           [--exec-path[=<path>]] [--html-path] [--man-path] [--info-path]\n           [-p | --paginate | -P | --no-pager] [--no-replace-objects] [--bare]\n           [--git-dir=<path>] [--work-tree=<path>] [--namespace=<name>]\n           <command> [<args>]\n\nThese are common Git commands used in various situations:\n\nstart a working area (see also: git help tutorial)\n   clone      Clone a repository into a new directory\n   init       Create an empty Git repository or reinitialize an existing one\n\nwork on the current change (see also: git help everyday)\n   add        Add file contents to the index\n   mv         Move or rename a file, a directory, or a symlink\n   reset      Reset current HEAD to the specified state\n   rm         Remove files from the working tree and from the index\n\nexamine the history and state (see also: git help revisions)\n   bisect     Use binary search to find the commit that introduced a bug\n   grep       Print lines matching a pattern\n   log        Show commit logs\n   show       Show various types of objects\n   status     Show the working tree status\n\ngrow, mark and tweak your common history\n   branch     List, create, or delete branches\n   checkout    Switch branches or restore working tree files\n   commit     Record changes to the repository\n   diff       Show changes between commits, commit and working tree, etc\n   merge      Join two or more development histories together\n   rebase     Reapply commits on top of another base tip\n   tag        Create, list, delete or verify a tag object signed with GPG\n\ncollaborate (see also: git help workflows)\n   fetch      Download objects and refs from another repository\n   pull       Fetch from and integrate with another repository or a local branch\n   push       Update remote refs along with associated objects\n\n'git help -a' and 'git help -g' list available subcommands and some\nconcept guides. See 'git help <command>' or 'git help <concept>'\nto read about a specific subcommand or concept.\n""
[0m14:56:03.847945 [debug] [MainThread]: STDERR: "b''"
[0m14:56:03.852137 [debug] [MainThread]: Acquiring new bigquery connection "debug"
[0m14:56:03.853380 [debug] [MainThread]: Opening a new connection, currently in state init
[0m14:56:04.539544 [debug] [MainThread]: On debug: select 1 as id
[0m14:56:08.432409 [debug] [MainThread]: Sending event: {'category': 'dbt', 'action': 'invocation', 'label': 'end', 'context': [<snowplow_tracker.self_describing_json.SelfDescribingJson object at 0x7f3b0cb43be0>, <snowplow_tracker.self_describing_json.SelfDescribingJson object at 0x7f3b0cba29d0>, <snowplow_tracker.self_describing_json.SelfDescribingJson object at 0x7f3b0cba2520>]}
[0m14:56:08.433623 [debug] [MainThread]: Flushing usage events
[0m14:56:08.930099 [debug] [MainThread]: Connection 'debug' was properly closed.


============================== 2024-03-21 14:57:11.581802 | 79c6731f-c4f8-4711-b139-3d8365970307 ==============================
[0m14:57:11.581815 [info ] [MainThread]: Running with dbt=1.2.2
[0m14:57:11.582525 [debug] [MainThread]: running dbt with arguments {'write_json': True, 'use_colors': True, 'printer_width': 80, 'version_check': True, 'partial_parse': True, 'static_parser': True, 'profiles_dir': '/workspaces/peter-dataproduct/dbt', 'send_anonymous_usage_stats': True, 'event_buffer_size': 100000, 'quiet': False, 'no_print': False, 'config_dir': False, 'which': 'debug', 'indirect_selection': 'eager'}
[0m14:57:11.582974 [debug] [MainThread]: Tracking: tracking
[0m14:57:11.587802 [debug] [MainThread]: Sending event: {'category': 'dbt', 'action': 'invocation', 'label': 'start', 'context': [<snowplow_tracker.self_describing_json.SelfDescribingJson object at 0x7ff3e7674e80>, <snowplow_tracker.self_describing_json.SelfDescribingJson object at 0x7ff3e7674fd0>, <snowplow_tracker.self_describing_json.SelfDescribingJson object at 0x7ff3e7674f70>]}
[0m14:57:11.821469 [debug] [MainThread]: Executing "git --help"
[0m14:57:11.826200 [debug] [MainThread]: STDOUT: "b"usage: git [--version] [--help] [-C <path>] [-c <name>=<value>]\n           [--exec-path[=<path>]] [--html-path] [--man-path] [--info-path]\n           [-p | --paginate | -P | --no-pager] [--no-replace-objects] [--bare]\n           [--git-dir=<path>] [--work-tree=<path>] [--namespace=<name>]\n           <command> [<args>]\n\nThese are common Git commands used in various situations:\n\nstart a working area (see also: git help tutorial)\n   clone      Clone a repository into a new directory\n   init       Create an empty Git repository or reinitialize an existing one\n\nwork on the current change (see also: git help everyday)\n   add        Add file contents to the index\n   mv         Move or rename a file, a directory, or a symlink\n   reset      Reset current HEAD to the specified state\n   rm         Remove files from the working tree and from the index\n\nexamine the history and state (see also: git help revisions)\n   bisect     Use binary search to find the commit that introduced a bug\n   grep       Print lines matching a pattern\n   log        Show commit logs\n   show       Show various types of objects\n   status     Show the working tree status\n\ngrow, mark and tweak your common history\n   branch     List, create, or delete branches\n   checkout    Switch branches or restore working tree files\n   commit     Record changes to the repository\n   diff       Show changes between commits, commit and working tree, etc\n   merge      Join two or more development histories together\n   rebase     Reapply commits on top of another base tip\n   tag        Create, list, delete or verify a tag object signed with GPG\n\ncollaborate (see also: git help workflows)\n   fetch      Download objects and refs from another repository\n   pull       Fetch from and integrate with another repository or a local branch\n   push       Update remote refs along with associated objects\n\n'git help -a' and 'git help -g' list available subcommands and some\nconcept guides. See 'git help <command>' or 'git help <concept>'\nto read about a specific subcommand or concept.\n""
[0m14:57:11.827025 [debug] [MainThread]: STDERR: "b''"
[0m14:57:11.831259 [debug] [MainThread]: Acquiring new bigquery connection "debug"
[0m14:57:11.832289 [debug] [MainThread]: Opening a new connection, currently in state init
[0m14:57:12.460153 [debug] [MainThread]: On debug: select 1 as id
[0m14:57:13.864388 [debug] [MainThread]: Sending event: {'category': 'dbt', 'action': 'invocation', 'label': 'end', 'context': [<snowplow_tracker.self_describing_json.SelfDescribingJson object at 0x7ff3e7664640>, <snowplow_tracker.self_describing_json.SelfDescribingJson object at 0x7ff3e76646d0>, <snowplow_tracker.self_describing_json.SelfDescribingJson object at 0x7ff3e5b94910>]}
[0m14:57:13.866328 [debug] [MainThread]: Flushing usage events
[0m14:57:14.364962 [debug] [MainThread]: Connection 'debug' was properly closed.
